#
# A fatal error has been detected by the Java Runtime Environment:
#
#  EXCEPTION_ACCESS_VIOLATION (0xc0000005) at pc=0x000000007080a8f4, pid=23020, tid=0x0000000000005aec
#
# JRE version: Java(TM) SE Runtime Environment (8.0_101-b13) (build 1.8.0_101-b13)
# Java VM: Java HotSpot(TM) 64-Bit Server VM (25.101-b13 mixed mode windows-amd64 compressed oops)
# Problematic frame:
# V  [jvm.dll+0x5a8f4]
#
# Failed to write core dump. Minidumps are not enabled by default on client versions of Windows
#
# If you would like to submit a bug report, please visit:
#   http://bugreport.java.com/bugreport/crash.jsp
#

---------------  T H R E A D  ---------------

Current thread (0x0000000002b20800):  JavaThread "main" [_thread_in_vm, id=23276, stack(0x0000000002a20000,0x0000000002b20000)]

siginfo: ExceptionCode=0xc0000005, reading address 0xffffffffe840988d

Registers:
RAX=0xffffffffe840988d, RBX=0x0000000018e9c350, RCX=0x0000000002b1bb60, RDX=0x0000000002b1b628
RSP=0x0000000002b1b2a0, RBP=0x0000000002b1b3b0, RSI=0x0000000002b20800, RDI=0x000000000298ef80
R8 =0x0000000018e9ea60, R9 =0x0000000000000000, R10=0x0000000002b1bb60, R11=0x0000000000000000
R12=0x0000000018e9ea90, R13=0x0000000018ea4338, R14=0x00000000000083b0, R15=0x0000000002b1b628
RIP=0x000000007080a8f4, EFLAGS=0x0000000000010246

Top of Stack: (sp=0x0000000002b1b2a0)
0x0000000002b1b2a0:   0000000002b1b628 0000000018f3e130
0x0000000002b1b2b0:   0000000000000000 0000000002b20800
0x0000000002b1b2c0:   0000000000000000 0000000000000000
0x0000000002b1b2d0:   0000000000000000 0000000000000000
0x0000000002b1b2e0:   0000000000000000 0000000000000000
0x0000000002b1b2f0:   0000000000000000 0000000000000000
0x0000000002b1b300:   0000000000000000 0000000000000000
0x0000000002b1b310:   0000000000000000 0000000000000000
0x0000000002b1b320:   0000000002b20800 0000000002b1b400
0x0000000002b1b330:   0000000000000000 0000000000000000
0x0000000002b1b340:   0000000010000d01 000000000298ef80
0x0000000002b1b350:   0000000018e9c350 0000000018e9ea90
0x0000000002b1b360:   0000000018ea4338 00000000000083b0
0x0000000002b1b370:   0000000000010002 000000000298efa0
0x0000000002b1b380:   000000000298ef90 000000000298ef98
0x0000000002b1b390:   0000000300000000 0000002e18e90000 

Instructions: (pc=0x000000007080a8f4)
0x000000007080a8d4:   8b 45 d0 48 8b 4d d8 48 89 18 4c 89 21 48 8b 4d
0x000000007080a8e4:   c8 4c 89 29 49 8b c7 e9 8a 15 00 00 49 8b 40 10
0x000000007080a8f4:   0f b7 08 48 8d 50 02 49 89 50 10 0f b6 c1 66 89
0x000000007080a904:   8d a8 00 00 00 0f b7 0a 66 c1 e0 08 44 0f b7 f8 


Register to memory mapping:

RAX=0xffffffffe840988d is an unknown value
RBX=0x0000000018e9c350 is an unknown value
RCX=0x0000000002b1bb60 is pointing into the stack for thread: 0x0000000002b20800
RDX=0x0000000002b1b628 is pointing into the stack for thread: 0x0000000002b20800
RSP=0x0000000002b1b2a0 is pointing into the stack for thread: 0x0000000002b20800
RBP=0x0000000002b1b3b0 is pointing into the stack for thread: 0x0000000002b20800
RSI=0x0000000002b20800 is a thread
RDI=0x000000000298ef80 is an unknown value
R8 =0x0000000018e9ea60 is an unknown value
R9 =0x0000000000000000 is an unknown value
R10=0x0000000002b1bb60 is pointing into the stack for thread: 0x0000000002b20800
R11=0x0000000000000000 is an unknown value
R12=0x0000000018e9ea90 is an unknown value
R13=0x0000000018ea4338 is an unknown value
R14=0x00000000000083b0 is an unknown value
R15=0x0000000002b1b628 is pointing into the stack for thread: 0x0000000002b20800


Stack: [0x0000000002a20000,0x0000000002b20000],  sp=0x0000000002b1b2a0,  free space=1004k
Native frames: (J=compiled Java code, j=interpreted, Vv=VM code, C=native code)
V  [jvm.dll+0x5a8f4]
V  [jvm.dll+0x5bfbe]
V  [jvm.dll+0x5dbd1]
V  [jvm.dll+0x60163]
V  [jvm.dll+0x7c439]
V  [jvm.dll+0x7cd17]
V  [jvm.dll+0x7e3e6]
V  [jvm.dll+0x79e97]
V  [jvm.dll+0x5dfaf]
V  [jvm.dll+0x60163]
V  [jvm.dll+0x7c439]
V  [jvm.dll+0x7cd17]
V  [jvm.dll+0x7e3e6]
V  [jvm.dll+0x79e97]
V  [jvm.dll+0x5dfaf]
V  [jvm.dll+0x60163]
V  [jvm.dll+0x7c439]
V  [jvm.dll+0x7cd17]
V  [jvm.dll+0x7e3e6]
V  [jvm.dll+0x7e43d]
V  [jvm.dll+0x17c254]
V  [jvm.dll+0x13cb81]
C  [awt.dll+0xcae29]
C  0x0000000002c37f54

Java frames: (J=compiled Java code, j=interpreted, Vv=VM code)
j  sun.awt.windows.WToolkit.initIDs()V+0
j  sun.awt.windows.WToolkit.<clinit>()V+20
v  ~StubRoutines::call_stub
j  java.lang.Class.forName0(Ljava/lang/String;ZLjava/lang/ClassLoader;Ljava/lang/Class;)Ljava/lang/Class;+0
j  java.lang.Class.forName(Ljava/lang/String;)Ljava/lang/Class;+11
j  java.awt.Toolkit$2.run()Ljava/lang/Void;+9
j  java.awt.Toolkit$2.run()Ljava/lang/Object;+1
v  ~StubRoutines::call_stub
j  java.security.AccessController.doPrivileged(Ljava/security/PrivilegedAction;)Ljava/lang/Object;+0
j  java.awt.Toolkit.getDefaultToolkit()Ljava/awt/Toolkit;+13
j  javax.swing.UIManager.<clinit>()V+100
v  ~StubRoutines::call_stub
j  uts_xirpl3_16.frmMain.main([Ljava/lang/String;)V+0
v  ~StubRoutines::call_stub

---------------  P R O C E S S  ---------------

Java Threads: ( => current thread )
  0x0000000018c80800 JavaThread "Service Thread" daemon [_thread_blocked, id=22380, stack(0x0000000019060000,0x0000000019160000)]
  0x000000001731e800 JavaThread "C1 CompilerThread2" daemon [_thread_blocked, id=23048, stack(0x0000000018b60000,0x0000000018c60000)]
  0x0000000017319800 JavaThread "C2 CompilerThread1" daemon [_thread_blocked, id=22912, stack(0x0000000018a60000,0x0000000018b60000)]
  0x0000000017328800 JavaThread "C2 CompilerThread0" daemon [_thread_blocked, id=22152, stack(0x0000000018960000,0x0000000018a60000)]
  0x0000000017327000 JavaThread "Attach Listener" daemon [_thread_blocked, id=23412, stack(0x0000000018860000,0x0000000018960000)]
  0x0000000017326000 JavaThread "Signal Dispatcher" daemon [_thread_blocked, id=21444, stack(0x0000000018760000,0x0000000018860000)]
  0x000000001730a800 JavaThread "Finalizer" daemon [_thread_blocked, id=22928, stack(0x0000000018580000,0x0000000018680000)]
  0x0000000002c0f800 JavaThread "Reference Handler" daemon [_thread_blocked, id=20272, stack(0x0000000018480000,0x0000000018580000)]
=>0x0000000002b20800 JavaThread "main" [_thread_in_vm, id=23276, stack(0x0000000002a20000,0x0000000002b20000)]

Other Threads:
  0x00000000172e8000 VMThread [stack: 0x0000000018380000,0x0000000018480000] [id=22516]
  0x0000000018ca2800 WatcherThread [stack: 0x0000000019160000,0x0000000019260000] [id=23112]

VM state:not at safepoint (normal execution)

VM Mutex/Monitor currently owned by a thread: None

Heap:
 PSYoungGen      total 35840K, used 3073K [0x00000000d8400000, 0x00000000dac00000, 0x0000000100000000)
  eden space 30720K, 10% used [0x00000000d8400000,0x00000000d8700498,0x00000000da200000)
  from space 5120K, 0% used [0x00000000da700000,0x00000000da700000,0x00000000dac00000)
  to   space 5120K, 0% used [0x00000000da200000,0x00000000da200000,0x00000000da700000)
 ParOldGen       total 81920K, used 0K [0x0000000088c00000, 0x000000008dc00000, 0x00000000d8400000)
  object space 81920K, 0% used [0x0000000088c00000,0x0000000088c00000,0x000000008dc00000)
 Metaspace       used 5368K, capacity 5564K, committed 5888K, reserved 1056768K
  class space    used 619K, capacity 689K, committed 768K, reserved 1048576K

Card table byte_map: [0x0000000011fe0000,0x00000000123a0000] byte_map_base: 0x0000000011b9a000

Marking Bits: (ParMarkBitMap*) 0x0000000070fca6d0
 Begin Bits: [0x0000000012a20000, 0x00000000147f0000)
 End Bits:   [0x00000000147f0000, 0x00000000165c0000)

Polling page: 0x0000000002940000

CodeCache: size=245760Kb used=1516Kb max_used=1516Kb free=244243Kb
 bounds [0x0000000002c20000, 0x0000000002e90000, 0x0000000011c20000]
 total_blobs=539 nmethods=219 adapters=233
 compilation: enabled

Compilation events (10 events):
Event: 0.207 Thread 0x000000001731e800  213       3       sun.reflect.misc.ReflectUtil::isVMAnonymousClass (19 bytes)
Event: 0.207 Thread 0x000000001731e800 nmethod 213 0x0000000002d908d0 code [0x0000000002d90a60, 0x0000000002d90f98]
Event: 0.207 Thread 0x000000001731e800  216       3       jdk.internal.org.objectweb.asm.ByteVector::putInt (74 bytes)
Event: 0.207 Thread 0x000000001731e800 nmethod 216 0x0000000002d90350 code [0x0000000002d904c0, 0x0000000002d90748]
Event: 0.215 Thread 0x000000001731e800  217       3       java.util.HashMap::putVal (300 bytes)
Event: 0.215 Thread 0x000000001731e800 nmethod 217 0x0000000002d935d0 code [0x0000000002d93840, 0x0000000002d94af8]
Event: 0.215 Thread 0x000000001731e800  219       3       java.util.HashMap::getNode (148 bytes)
Event: 0.216 Thread 0x000000001731e800 nmethod 219 0x0000000002d95650 code [0x0000000002d95820, 0x0000000002d961c8]
Event: 0.216 Thread 0x000000001731e800  218       3       java.util.HashMap::put (13 bytes)
Event: 0.216 Thread 0x000000001731e800 nmethod 218 0x0000000002d966d0 code [0x0000000002d96860, 0x0000000002d96c18]

GC Heap History (0 events):
No events

Deoptimization events (0 events):
No events

Internal exceptions (9 events):
Event: 0.059 Thread 0x0000000002b20800 Exception <a 'java/lang/NoSuchMethodError': Method sun.misc.Unsafe.defineClass(Ljava/lang/String;[BII)Ljava/lang/Class; name or signature does not match> (0x00000000d8407cc0) thrown at [C:\re\workspace\8-2-build-windows-amd64-cygwin\jdk8u101\7261\hotspot\sQw÷tÁi®?
Event: 0.059 Thread 0x0000000002b20800 Exception <a 'java/lang/NoSuchMethodError': Method sun.misc.Unsafe.prefetchRead(Ljava/lang/Object;J)V name or signature does not match> (0x00000000d8407fa8) thrown at [C:\re\workspace\8-2-build-windows-amd64-cygwin\jdk8u101\7261\hotspot\src\share\vm\prims\ÔOV„óZÄ?
Event: 0.159 Thread 0x0000000002b20800 Exception <a 'java/security/PrivilegedActionException'> (0x00000000d8538c90) thrown at [C:\re\workspace\8-2-build-windows-amd64-cygwin\jdk8u101\7261\hotspot\src\share\vm\prims\jvm.cpp, line 1386]
Event: 0.159 Thread 0x0000000002b20800 Exception <a 'java/security/PrivilegedActionException'> (0x00000000d8538ea0) thrown at [C:\re\workspace\8-2-build-windows-amd64-cygwin\jdk8u101\7261\hotspot\src\share\vm\prims\jvm.cpp, line 1386]
Event: 0.160 Thread 0x0000000002b20800 Exception <a 'java/security/PrivilegedActionException'> (0x00000000d853cd88) thrown at [C:\re\workspace\8-2-build-windows-amd64-cygwin\jdk8u101\7261\hotspot\src\share\vm\prims\jvm.cpp, line 1386]
Event: 0.160 Thread 0x0000000002b20800 Exception <a 'java/security/PrivilegedActionException'> (0x00000000d853cf98) thrown at [C:\re\workspace\8-2-build-windows-amd64-cygwin\jdk8u101\7261\hotspot\src\share\vm\prims\jvm.cpp, line 1386]
Event: 0.162 Thread 0x0000000002b20800 Exception <a 'java/io/FileNotFoundException'> (0x00000000d853f1d0) thrown at [C:\re\workspace\8-2-build-windows-amd64-cygwin\jdk8u101\7261\hotspot\src\share\vm\prims\jni.cpp, line 709]
Event: 0.190 Thread 0x0000000002b20800 Exception <a 'java/lang/NoSuchFieldError': method resolution failed> (0x00000000d860c720) thrown at [C:\re\workspace\8-2-build-windows-amd64-cygwin\jdk8u101\7261\hotspot\src\share\vm\prims\methodHandles.cpp, line 1146]
Event: 0.192 Thread 0x0000000002b20800 Exception <a 'java/lang/NoSuchFieldError': method resolution failed> (0x00000000d8619a70) thrown at [C:\re\workspace\8-2-build-windows-amd64-cygwin\jdk8u101\7261\hotspot\src\share\vm\prims\methodHandles.cpp, line 1146]

Events (10 events):
Event: 0.219 loading class sun/java2d/pipe/DrawImage done
Event: 0.219 loading class sun/java2d/loops/RenderCache
Event: 0.219 loading class sun/java2d/loops/RenderCache done
Event: 0.219 loading class sun/java2d/loops/RenderCache$Entry
Event: 0.219 loading class sun/java2d/loops/RenderCache$Entry done
Event: 0.219 loading class sun/awt/image/SunVolatileImage
Event: 0.219 loading class sun/java2d/DestSurfaceProvider
Event: 0.219 loading class sun/java2d/DestSurfaceProvider done
Event: 0.219 loading class java/awt/image/VolatileImage
Event: 0.219 loading class java/awt/Image


Dynamic libraries:
0x00007ff74a540000 - 0x00007ff74a577000 	C:\Program Files\Java\jdk1.8.0_101\bin\java.exe
0x00007fff60860000 - 0x00007fff60a0d000 	C:\Windows\SYSTEM32\ntdll.dll
0x00007fff5e4d0000 - 0x00007fff5e60e000 	C:\Windows\system32\KERNEL32.DLL
0x00007fff5dac0000 - 0x00007fff5dbd5000 	C:\Windows\system32\KERNELBASE.dll
0x00007fff5c480000 - 0x00007fff5c50e000 	C:\Windows\system32\apphelp.dll
0x00007fff411e0000 - 0x00007fff41233000 	C:\Windows\AppPatch\AppPatch64\AcGenral.DLL
0x00007fff5eea0000 - 0x00007fff5ef4a000 	C:\Windows\system32\msvcrt.dll
0x00007fff5dce0000 - 0x00007fff5dd0e000 	C:\Windows\system32\SspiCli.dll
0x00007fff5e7d0000 - 0x00007fff5e824000 	C:\Windows\system32\SHLWAPI.dll
0x00007fff5ed20000 - 0x00007fff5ee97000 	C:\Windows\system32\USER32.dll
0x00007fff5df10000 - 0x00007fff5e0a4000 	C:\Windows\system32\ole32.dll
0x00007fff5f150000 - 0x00007fff60679000 	C:\Windows\system32\SHELL32.dll
0x00007fff5ce80000 - 0x00007fff5cea1000 	C:\Windows\SYSTEM32\USERENV.dll
0x00007fff606e0000 - 0x00007fff6078a000 	C:\Windows\system32\ADVAPI32.dll
0x00007fff5b520000 - 0x00007fff5b53e000 	C:\Windows\SYSTEM32\MPR.dll
0x00007fff5e390000 - 0x00007fff5e4d0000 	C:\Windows\system32\RPCRT4.dll
0x00007fff60680000 - 0x00007fff606d9000 	C:\Windows\SYSTEM32\sechost.dll
0x00007fff5e170000 - 0x00007fff5e381000 	C:\Windows\SYSTEM32\combase.dll
0x00007fff5ebd0000 - 0x00007fff5ed1f000 	C:\Windows\system32\GDI32.dll
0x00007fff5d990000 - 0x00007fff5d9a5000 	C:\Windows\SYSTEM32\profapi.dll
0x00007fff5be90000 - 0x00007fff5bf42000 	C:\Windows\SYSTEM32\SHCORE.dll
0x00007fff5eb30000 - 0x00007fff5eb66000 	C:\Windows\system32\IMM32.DLL
0x00007fff5e830000 - 0x00007fff5e982000 	C:\Windows\system32\MSCTF.dll
0x00007fff5d940000 - 0x00007fff5d971000 	C:\Windows\system32\nvinitx.dll
0x00007fff5d930000 - 0x00007fff5d93a000 	C:\Windows\SYSTEM32\VERSION.dll
0x00007fff5b9a0000 - 0x00007fff5bc1b000 	C:\Windows\WinSxS\amd64_microsoft.windows.common-controls_6595b64144ccf1df_6.0.9600.18006_none_623f33d3ecbe86e8\COMCTL32.dll
0x00000000706d0000 - 0x00000000707a2000 	C:\Program Files\Java\jdk1.8.0_101\jre\bin\msvcr100.dll
0x00000000707b0000 - 0x000000007104a000 	C:\Program Files\Java\jdk1.8.0_101\jre\bin\server\jvm.dll
0x00007fff57260000 - 0x00007fff57269000 	C:\Windows\SYSTEM32\WSOCK32.dll
0x00007fff4ca50000 - 0x00007fff4ca72000 	C:\Windows\SYSTEM32\WINMM.dll
0x00007fff5eac0000 - 0x00007fff5eac7000 	C:\Windows\system32\PSAPI.DLL
0x00007fff5ead0000 - 0x00007fff5eb2a000 	C:\Windows\system32\WS2_32.dll
0x00007fff4ca20000 - 0x00007fff4ca4a000 	C:\Windows\SYSTEM32\WINMMBASE.dll
0x00007fff5f140000 - 0x00007fff5f149000 	C:\Windows\system32\NSI.dll
0x00007fff5dbe0000 - 0x00007fff5dc2f000 	C:\Windows\SYSTEM32\cfgmgr32.dll
0x00007fff5c700000 - 0x00007fff5c728000 	C:\Windows\SYSTEM32\DEVOBJ.dll
0x0000000070680000 - 0x000000007068f000 	C:\Program Files\Java\jdk1.8.0_101\jre\bin\verify.dll
0x0000000070650000 - 0x0000000070679000 	C:\Program Files\Java\jdk1.8.0_101\jre\bin\java.dll
0x0000000070630000 - 0x0000000070646000 	C:\Program Files\Java\jdk1.8.0_101\jre\bin\zip.dll
0x0000000070450000 - 0x00000000705e8000 	C:\Program Files\Java\jdk1.8.0_101\jre\bin\awt.dll
0x00007fff60790000 - 0x00007fff60851000 	C:\Windows\system32\OLEAUT32.dll
0x00007fff5b140000 - 0x00007fff5b2c9000 	C:\Windows\SYSTEM32\dbghelp.dll

VM Arguments:
jvm_args: -Dfile.encoding=UTF-8 
java_command: uts_xirpl3_16.frmMain
java_class_path (initial): C:\Program Files\NetBeans 8.1\ide\modules\ext\mysql-connector-java-5.1.23-bin.jar;D:\Halokes\PBO\UTS_XIRPL3_16\build\classes
Launcher Type: SUN_STANDARD

Environment Variables:
PATH=C:\Program Files (x86)\Common Files\Intel\Shared Files\cpp\bin\Intel64;C:\ProgramData\Oracle\Java\javapath;C:\Windows\system32;C:\Windows;C:\Windows\System32\Wbem;C:\Windows\System32\WindowsPowerShell\v1.0\;C:\Program Files (x86)\Microsoft ASP.NET\ASP.NET Web Pages\v1.0\;C:\Program Files\Microsoft SQL Server\110\Tools\Binn\;C:\Program Files\Java\jdk1.8.0_101\bin;C:\Program Files\Microsoft SQL Server\120\Tools\Binn\;C:\Program Files\Microsoft SQL Server\130\Tools\Binn\;C:\Program Files\Microsoft\Web Platform Installer\;C:\Program Files\Microsoft SQL Server\Client SDK\ODBC\110\Tools\Binn\;C:\Program Files (x86)\Microsoft SQL Server\120\Tools\Binn\;C:\Program Files\Microsoft SQL Server\120\DTS\Binn\;C:\Windows\system32\config\systemprofile\.dnx\bin;C:\Program Files\Microsoft DNX\Dnvm\;C:\Program Files (x86)\Microsoft SQL Server\Client SDK\ODBC\130\Tools\Binn\;C:\Program Files (x86)\Microsoft SQL Server\140\Tools\Binn\;C:\Program Files (x86)\Microsoft SQL Server\140\DTS\Binn\;C:\Program Files (x86)\Microsoft SQL Server\140\Tools\Binn\ManagementStudio\;C:\Program Files\TortoiseGit\bin
USERNAME=User-
OS=Windows_NT
PROCESSOR_IDENTIFIER=Intel64 Family 6 Model 60 Stepping 3, GenuineIntel



---------------  S Y S T E M  ---------------

OS: Windows 8.1 , 64 bit Build 9600 (6.3.9600.17415)

CPU:total 4 (2 cores per cpu, 2 threads per core) family 6 model 60 stepping 3, cmov, cx8, fxsr, mmx, sse, sse2, sse3, ssse3, sse4.1, sse4.2, popcnt, avx, avx2, aes, clmul, erms, lzcnt, ht, tsc, tscinvbit, bmi1, bmi2

Memory: 4k page, physical 7810244k(3074052k free), swap 20362436k(13745024k free)

vm_info: Java HotSpot(TM) 64-Bit Server VM (25.101-b13) for windows-amd64 JRE (1.8.0_101-b13), built on Jun 22 2016 01:21:29 by "java_re" with MS VC++ 10.0 (VS2010)

time: Fri Mar 17 20:02:25 2017
elapsed time: 0 seconds (0d 0h 0m 0s)

